2012-10-07 21:33:52,259 - Log4JLogChute initialized using file 'velocity.log'
2012-10-07 21:33:52,260 - Velocity was not initialized! Calling init()...
2012-10-07 21:33:52,260 - Starting Apache Velocity v1.5 (compiled: 2007-02-22 08:52:29)
2012-10-07 21:33:52,260 - Default Properties File: org/apache/velocity/runtime/defaults/velocity.properties
2012-10-07 21:33:52,260 - Trying to use logger class org.apache.velocity.runtime.log.AvalonLogChute
2012-10-07 21:33:52,276 - Couldn't find class org.apache.velocity.runtime.log.AvalonLogChute or necessary supporting classes in classpath.
java.lang.NoClassDefFoundError: org/apache/log/format/Formatter
	at java.lang.Class.forName0(Native Method)
	at java.lang.Class.forName(Class.java:264)
	at org.apache.velocity.util.ClassUtils.getClass(ClassUtils.java:63)
	at org.apache.velocity.util.ClassUtils.getNewInstance(ClassUtils.java:95)
	at org.apache.velocity.runtime.log.LogManager.createLogChute(LogManager.java:147)
	at org.apache.velocity.runtime.log.LogManager.updateLog(LogManager.java:208)
	at org.apache.velocity.runtime.RuntimeInstance.initializeLog(RuntimeInstance.java:728)
	at org.apache.velocity.runtime.RuntimeInstance.init(RuntimeInstance.java:240)
	at org.apache.velocity.runtime.RuntimeInstance.parse(RuntimeInstance.java:993)
	at org.apache.velocity.runtime.RuntimeInstance.parse(RuntimeInstance.java:972)
	at org.apache.velocity.runtime.RuntimeSingleton.parse(RuntimeSingleton.java:265)
	at org.apache.velocity.app.Velocity.evaluate(Velocity.java:274)
	at org.sonatype.mavenbook.weather.WeatherFormatter.format(WeatherFormatter.java:21)
	at org.sonatype.mavenbook.weather.yahoo.WeatherFormatterTest.testFormat(WeatherFormatterTest.java:23)
	at sun.reflect.NativeMethodAccessorImpl.invoke0(Native Method)
	at sun.reflect.NativeMethodAccessorImpl.invoke(NativeMethodAccessorImpl.java:57)
	at sun.reflect.DelegatingMethodAccessorImpl.invoke(DelegatingMethodAccessorImpl.java:43)
	at java.lang.reflect.Method.invoke(Method.java:601)
	at junit.framework.TestCase.runTest(TestCase.java:154)
	at junit.framework.TestCase.runBare(TestCase.java:127)
	at junit.framework.TestResult$1.protect(TestResult.java:106)
	at junit.framework.TestResult.runProtected(TestResult.java:124)
	at junit.framework.TestResult.run(TestResult.java:109)
	at junit.framework.TestCase.run(TestCase.java:118)
	at junit.framework.TestSuite.runTest(TestSuite.java:208)
	at junit.framework.TestSuite.run(TestSuite.java:203)
	at sun.reflect.NativeMethodAccessorImpl.invoke0(Native Method)
	at sun.reflect.NativeMethodAccessorImpl.invoke(NativeMethodAccessorImpl.java:57)
	at sun.reflect.DelegatingMethodAccessorImpl.invoke(DelegatingMethodAccessorImpl.java:43)
	at java.lang.reflect.Method.invoke(Method.java:601)
	at org.apache.maven.surefire.junit.JUnitTestSet.execute(JUnitTestSet.java:96)
	at org.apache.maven.surefire.junit.JUnit3Provider.executeTestSet(JUnit3Provider.java:117)
	at org.apache.maven.surefire.junit.JUnit3Provider.invoke(JUnit3Provider.java:94)
	at sun.reflect.NativeMethodAccessorImpl.invoke0(Native Method)
	at sun.reflect.NativeMethodAccessorImpl.invoke(NativeMethodAccessorImpl.java:57)
	at sun.reflect.DelegatingMethodAccessorImpl.invoke(DelegatingMethodAccessorImpl.java:43)
	at java.lang.reflect.Method.invoke(Method.java:601)
	at org.apache.maven.surefire.util.ReflectionUtils.invokeMethodWithArray(ReflectionUtils.java:164)
	at org.apache.maven.surefire.booter.ProviderFactory$ProviderProxy.invoke(ProviderFactory.java:110)
	at org.apache.maven.surefire.booter.SurefireStarter.invokeProvider(SurefireStarter.java:175)
	at org.apache.maven.surefire.booter.SurefireStarter.runSuitesInProcessWhenForked(SurefireStarter.java:107)
	at org.apache.maven.surefire.booter.ForkedBooter.main(ForkedBooter.java:68)
Caused by: java.lang.ClassNotFoundException: org.apache.log.format.Formatter
	at java.net.URLClassLoader$1.run(URLClassLoader.java:366)
	at java.net.URLClassLoader$1.run(URLClassLoader.java:355)
	at java.security.AccessController.doPrivileged(Native Method)
	at java.net.URLClassLoader.findClass(URLClassLoader.java:354)
	at java.lang.ClassLoader.loadClass(ClassLoader.java:423)
	at sun.misc.Launcher$AppClassLoader.loadClass(Launcher.java:308)
	at java.lang.ClassLoader.loadClass(ClassLoader.java:356)
	... 42 more
2012-10-07 21:33:52,288 - Trying to use logger class org.apache.velocity.runtime.log.Log4JLogChute
2012-10-07 21:33:52,288 - Using logger class org.apache.velocity.runtime.log.Log4JLogChute
2012-10-07 21:33:52,301 - Default ResourceManager initializing. (class org.apache.velocity.runtime.resource.ResourceManagerImpl)
2012-10-07 21:33:52,309 - ResourceLoader instantiated: org.apache.velocity.runtime.resource.loader.FileResourceLoader
2012-10-07 21:33:52,312 - Do unicode file recognition:  false
2012-10-07 21:33:52,312 - FileResourceLoader : adding path '.'
2012-10-07 21:33:52,425 - ResourceCache: initialized (class org.apache.velocity.runtime.resource.ResourceCacheImpl)
2012-10-07 21:33:52,427 - Loaded System Directive: org.apache.velocity.runtime.directive.Literal
2012-10-07 21:33:52,429 - Loaded System Directive: org.apache.velocity.runtime.directive.Macro
2012-10-07 21:33:52,431 - Loaded System Directive: org.apache.velocity.runtime.directive.Parse
2012-10-07 21:33:52,433 - Loaded System Directive: org.apache.velocity.runtime.directive.Include
2012-10-07 21:33:52,434 - Loaded System Directive: org.apache.velocity.runtime.directive.Foreach
2012-10-07 21:33:52,520 - Created '20' parsers.
2012-10-07 21:33:52,546 - Velocimacro : "velocimacro.library" is not set.  Trying default library: VM_global_library.vm
2012-10-07 21:33:52,547 - Velocimacro : Default library not found.
2012-10-07 21:33:52,547 - Velocimacro : allowInline = true : VMs can be defined inline in templates
2012-10-07 21:33:52,547 - Velocimacro : allowInlineToOverride = false : VMs defined inline may NOT replace previous VM definitions
2012-10-07 21:33:52,547 - Velocimacro : allowInlineLocal = false : VMs defined inline will be global in scope if allowed.
2012-10-07 21:33:52,547 - Velocimacro : autoload off : VM system will not automatically reload global library macros
2012-10-07 21:49:53,040 - Log4JLogChute initialized using file 'velocity.log'
2012-10-07 21:49:53,041 - Velocity was not initialized! Calling init()...
2012-10-07 21:49:53,041 - Starting Apache Velocity v1.5 (compiled: 2007-02-22 08:52:29)
2012-10-07 21:49:53,041 - Default Properties File: org/apache/velocity/runtime/defaults/velocity.properties
2012-10-07 21:49:53,041 - Trying to use logger class org.apache.velocity.runtime.log.AvalonLogChute
2012-10-07 21:49:53,043 - Couldn't find class org.apache.velocity.runtime.log.AvalonLogChute or necessary supporting classes in classpath.
java.lang.NoClassDefFoundError: org/apache/log/format/Formatter
	at java.lang.Class.forName0(Native Method)
	at java.lang.Class.forName(Class.java:264)
	at org.apache.velocity.util.ClassUtils.getClass(ClassUtils.java:63)
	at org.apache.velocity.util.ClassUtils.getNewInstance(ClassUtils.java:95)
	at org.apache.velocity.runtime.log.LogManager.createLogChute(LogManager.java:147)
	at org.apache.velocity.runtime.log.LogManager.updateLog(LogManager.java:208)
	at org.apache.velocity.runtime.RuntimeInstance.initializeLog(RuntimeInstance.java:728)
	at org.apache.velocity.runtime.RuntimeInstance.init(RuntimeInstance.java:240)
	at org.apache.velocity.runtime.RuntimeInstance.parse(RuntimeInstance.java:993)
	at org.apache.velocity.runtime.RuntimeInstance.parse(RuntimeInstance.java:972)
	at org.apache.velocity.runtime.RuntimeSingleton.parse(RuntimeSingleton.java:265)
	at org.apache.velocity.app.Velocity.evaluate(Velocity.java:274)
	at org.sonatype.mavenbook.weather.WeatherFormatter.format(WeatherFormatter.java:21)
	at org.sonatype.mavenbook.weather.yahoo.WeatherFormatterTest.testFormat(WeatherFormatterTest.java:23)
	at sun.reflect.NativeMethodAccessorImpl.invoke0(Native Method)
	at sun.reflect.NativeMethodAccessorImpl.invoke(NativeMethodAccessorImpl.java:57)
	at sun.reflect.DelegatingMethodAccessorImpl.invoke(DelegatingMethodAccessorImpl.java:43)
	at java.lang.reflect.Method.invoke(Method.java:601)
	at junit.framework.TestCase.runTest(TestCase.java:154)
	at junit.framework.TestCase.runBare(TestCase.java:127)
	at junit.framework.TestResult$1.protect(TestResult.java:106)
	at junit.framework.TestResult.runProtected(TestResult.java:124)
	at junit.framework.TestResult.run(TestResult.java:109)
	at junit.framework.TestCase.run(TestCase.java:118)
	at junit.framework.TestSuite.runTest(TestSuite.java:208)
	at junit.framework.TestSuite.run(TestSuite.java:203)
	at sun.reflect.NativeMethodAccessorImpl.invoke0(Native Method)
	at sun.reflect.NativeMethodAccessorImpl.invoke(NativeMethodAccessorImpl.java:57)
	at sun.reflect.DelegatingMethodAccessorImpl.invoke(DelegatingMethodAccessorImpl.java:43)
	at java.lang.reflect.Method.invoke(Method.java:601)
	at org.apache.maven.surefire.junit.JUnitTestSet.execute(JUnitTestSet.java:96)
	at org.apache.maven.surefire.junit.JUnit3Provider.executeTestSet(JUnit3Provider.java:117)
	at org.apache.maven.surefire.junit.JUnit3Provider.invoke(JUnit3Provider.java:94)
	at sun.reflect.NativeMethodAccessorImpl.invoke0(Native Method)
	at sun.reflect.NativeMethodAccessorImpl.invoke(NativeMethodAccessorImpl.java:57)
	at sun.reflect.DelegatingMethodAccessorImpl.invoke(DelegatingMethodAccessorImpl.java:43)
	at java.lang.reflect.Method.invoke(Method.java:601)
	at org.apache.maven.surefire.util.ReflectionUtils.invokeMethodWithArray(ReflectionUtils.java:164)
	at org.apache.maven.surefire.booter.ProviderFactory$ProviderProxy.invoke(ProviderFactory.java:110)
	at org.apache.maven.surefire.booter.SurefireStarter.invokeProvider(SurefireStarter.java:175)
	at org.apache.maven.surefire.booter.SurefireStarter.runSuitesInProcessWhenForked(SurefireStarter.java:107)
	at org.apache.maven.surefire.booter.ForkedBooter.main(ForkedBooter.java:68)
Caused by: java.lang.ClassNotFoundException: org.apache.log.format.Formatter
	at java.net.URLClassLoader$1.run(URLClassLoader.java:366)
	at java.net.URLClassLoader$1.run(URLClassLoader.java:355)
	at java.security.AccessController.doPrivileged(Native Method)
	at java.net.URLClassLoader.findClass(URLClassLoader.java:354)
	at java.lang.ClassLoader.loadClass(ClassLoader.java:423)
	at sun.misc.Launcher$AppClassLoader.loadClass(Launcher.java:308)
	at java.lang.ClassLoader.loadClass(ClassLoader.java:356)
	... 42 more
2012-10-07 21:49:53,046 - Trying to use logger class org.apache.velocity.runtime.log.Log4JLogChute
2012-10-07 21:49:53,046 - Using logger class org.apache.velocity.runtime.log.Log4JLogChute
2012-10-07 21:49:53,049 - Default ResourceManager initializing. (class org.apache.velocity.runtime.resource.ResourceManagerImpl)
2012-10-07 21:49:53,054 - ResourceLoader instantiated: org.apache.velocity.runtime.resource.loader.FileResourceLoader
2012-10-07 21:49:53,056 - Do unicode file recognition:  false
2012-10-07 21:49:53,056 - FileResourceLoader : adding path '.'
2012-10-07 21:49:53,116 - ResourceCache: initialized (class org.apache.velocity.runtime.resource.ResourceCacheImpl)
2012-10-07 21:49:53,119 - Loaded System Directive: org.apache.velocity.runtime.directive.Literal
2012-10-07 21:49:53,121 - Loaded System Directive: org.apache.velocity.runtime.directive.Macro
2012-10-07 21:49:53,123 - Loaded System Directive: org.apache.velocity.runtime.directive.Parse
2012-10-07 21:49:53,125 - Loaded System Directive: org.apache.velocity.runtime.directive.Include
2012-10-07 21:49:53,126 - Loaded System Directive: org.apache.velocity.runtime.directive.Foreach
2012-10-07 21:49:53,180 - Created '20' parsers.
2012-10-07 21:49:53,194 - Velocimacro : "velocimacro.library" is not set.  Trying default library: VM_global_library.vm
2012-10-07 21:49:53,195 - Velocimacro : Default library not found.
2012-10-07 21:49:53,195 - Velocimacro : allowInline = true : VMs can be defined inline in templates
2012-10-07 21:49:53,195 - Velocimacro : allowInlineToOverride = false : VMs defined inline may NOT replace previous VM definitions
2012-10-07 21:49:53,195 - Velocimacro : allowInlineLocal = false : VMs defined inline will be global in scope if allowed.
2012-10-07 21:49:53,195 - Velocimacro : autoload off : VM system will not automatically reload global library macros
2012-10-07 21:51:41,191 - Log4JLogChute initialized using file 'velocity.log'
2012-10-07 21:51:41,192 - Velocity was not initialized! Calling init()...
2012-10-07 21:51:41,192 - Starting Apache Velocity v1.5 (compiled: 2007-02-22 08:52:29)
2012-10-07 21:51:41,192 - Default Properties File: org/apache/velocity/runtime/defaults/velocity.properties
2012-10-07 21:51:41,192 - Trying to use logger class org.apache.velocity.runtime.log.AvalonLogChute
2012-10-07 21:51:41,194 - Couldn't find class org.apache.velocity.runtime.log.AvalonLogChute or necessary supporting classes in classpath.
java.lang.NoClassDefFoundError: org/apache/log/format/Formatter
	at java.lang.Class.forName0(Native Method)
	at java.lang.Class.forName(Class.java:264)
	at org.apache.velocity.util.ClassUtils.getClass(ClassUtils.java:63)
	at org.apache.velocity.util.ClassUtils.getNewInstance(ClassUtils.java:95)
	at org.apache.velocity.runtime.log.LogManager.createLogChute(LogManager.java:147)
	at org.apache.velocity.runtime.log.LogManager.updateLog(LogManager.java:208)
	at org.apache.velocity.runtime.RuntimeInstance.initializeLog(RuntimeInstance.java:728)
	at org.apache.velocity.runtime.RuntimeInstance.init(RuntimeInstance.java:240)
	at org.apache.velocity.runtime.RuntimeInstance.parse(RuntimeInstance.java:993)
	at org.apache.velocity.runtime.RuntimeInstance.parse(RuntimeInstance.java:972)
	at org.apache.velocity.runtime.RuntimeSingleton.parse(RuntimeSingleton.java:265)
	at org.apache.velocity.app.Velocity.evaluate(Velocity.java:274)
	at org.sonatype.mavenbook.weather.WeatherFormatter.format(WeatherFormatter.java:21)
	at org.sonatype.mavenbook.weather.yahoo.WeatherFormatterTest.testFormat(WeatherFormatterTest.java:23)
	at sun.reflect.NativeMethodAccessorImpl.invoke0(Native Method)
	at sun.reflect.NativeMethodAccessorImpl.invoke(NativeMethodAccessorImpl.java:57)
	at sun.reflect.DelegatingMethodAccessorImpl.invoke(DelegatingMethodAccessorImpl.java:43)
	at java.lang.reflect.Method.invoke(Method.java:601)
	at junit.framework.TestCase.runTest(TestCase.java:154)
	at junit.framework.TestCase.runBare(TestCase.java:127)
	at junit.framework.TestResult$1.protect(TestResult.java:106)
	at junit.framework.TestResult.runProtected(TestResult.java:124)
	at junit.framework.TestResult.run(TestResult.java:109)
	at junit.framework.TestCase.run(TestCase.java:118)
	at junit.framework.TestSuite.runTest(TestSuite.java:208)
	at junit.framework.TestSuite.run(TestSuite.java:203)
	at sun.reflect.NativeMethodAccessorImpl.invoke0(Native Method)
	at sun.reflect.NativeMethodAccessorImpl.invoke(NativeMethodAccessorImpl.java:57)
	at sun.reflect.DelegatingMethodAccessorImpl.invoke(DelegatingMethodAccessorImpl.java:43)
	at java.lang.reflect.Method.invoke(Method.java:601)
	at org.apache.maven.surefire.junit.JUnitTestSet.execute(JUnitTestSet.java:96)
	at org.apache.maven.surefire.junit.JUnit3Provider.executeTestSet(JUnit3Provider.java:117)
	at org.apache.maven.surefire.junit.JUnit3Provider.invoke(JUnit3Provider.java:94)
	at sun.reflect.NativeMethodAccessorImpl.invoke0(Native Method)
	at sun.reflect.NativeMethodAccessorImpl.invoke(NativeMethodAccessorImpl.java:57)
	at sun.reflect.DelegatingMethodAccessorImpl.invoke(DelegatingMethodAccessorImpl.java:43)
	at java.lang.reflect.Method.invoke(Method.java:601)
	at org.apache.maven.surefire.util.ReflectionUtils.invokeMethodWithArray(ReflectionUtils.java:164)
	at org.apache.maven.surefire.booter.ProviderFactory$ProviderProxy.invoke(ProviderFactory.java:110)
	at org.apache.maven.surefire.booter.SurefireStarter.invokeProvider(SurefireStarter.java:175)
	at org.apache.maven.surefire.booter.SurefireStarter.runSuitesInProcessWhenForked(SurefireStarter.java:107)
	at org.apache.maven.surefire.booter.ForkedBooter.main(ForkedBooter.java:68)
Caused by: java.lang.ClassNotFoundException: org.apache.log.format.Formatter
	at java.net.URLClassLoader$1.run(URLClassLoader.java:366)
	at java.net.URLClassLoader$1.run(URLClassLoader.java:355)
	at java.security.AccessController.doPrivileged(Native Method)
	at java.net.URLClassLoader.findClass(URLClassLoader.java:354)
	at java.lang.ClassLoader.loadClass(ClassLoader.java:423)
	at sun.misc.Launcher$AppClassLoader.loadClass(Launcher.java:308)
	at java.lang.ClassLoader.loadClass(ClassLoader.java:356)
	... 42 more
2012-10-07 21:51:41,197 - Trying to use logger class org.apache.velocity.runtime.log.Log4JLogChute
2012-10-07 21:51:41,198 - Using logger class org.apache.velocity.runtime.log.Log4JLogChute
2012-10-07 21:51:41,200 - Default ResourceManager initializing. (class org.apache.velocity.runtime.resource.ResourceManagerImpl)
2012-10-07 21:51:41,205 - ResourceLoader instantiated: org.apache.velocity.runtime.resource.loader.FileResourceLoader
2012-10-07 21:51:41,207 - Do unicode file recognition:  false
2012-10-07 21:51:41,207 - FileResourceLoader : adding path '.'
2012-10-07 21:51:41,256 - ResourceCache: initialized (class org.apache.velocity.runtime.resource.ResourceCacheImpl)
2012-10-07 21:51:41,258 - Loaded System Directive: org.apache.velocity.runtime.directive.Literal
2012-10-07 21:51:41,260 - Loaded System Directive: org.apache.velocity.runtime.directive.Macro
2012-10-07 21:51:41,262 - Loaded System Directive: org.apache.velocity.runtime.directive.Parse
2012-10-07 21:51:41,264 - Loaded System Directive: org.apache.velocity.runtime.directive.Include
2012-10-07 21:51:41,265 - Loaded System Directive: org.apache.velocity.runtime.directive.Foreach
2012-10-07 21:51:41,324 - Created '20' parsers.
2012-10-07 21:51:41,337 - Velocimacro : "velocimacro.library" is not set.  Trying default library: VM_global_library.vm
2012-10-07 21:51:41,338 - Velocimacro : Default library not found.
2012-10-07 21:51:41,338 - Velocimacro : allowInline = true : VMs can be defined inline in templates
2012-10-07 21:51:41,338 - Velocimacro : allowInlineToOverride = false : VMs defined inline may NOT replace previous VM definitions
2012-10-07 21:51:41,338 - Velocimacro : allowInlineLocal = false : VMs defined inline will be global in scope if allowed.
2012-10-07 21:51:41,338 - Velocimacro : autoload off : VM system will not automatically reload global library macros
